2019-04-16 21:07:21 INFO   admin:24 - Сервер запущен!
2019-04-16 21:15:32 INFO   admin:24 - Сервер запущен!
2019-04-16 21:22:01 INFO   admin:24 - Сервер запущен!
2019-04-16 21:45:19 INFO   admin:24 - Сервер запущен!
2019-04-16 22:56:14 INFO   admin:24 - Сервер запущен!
2019-04-16 23:08:07 INFO   admin:24 - Сервер запущен!
2019-04-16 23:08:27 INFO   admin:29 - Клиент подключился
2019-04-16 23:10:38 INFO   admin:24 - Сервер запущен!
2019-04-16 23:10:53 INFO   admin:29 - Клиент подключился
2019-04-16 23:12:19 INFO   admin:29 - Клиент подключился
2019-04-16 23:12:19 INFO   admin:46 - nick1прошел аутентификацию
2019-04-16 23:20:22 INFO   admin:24 - Сервер запущен!
2019-04-16 23:21:07 INFO   admin:29 - Клиент подключился
2019-04-16 23:21:09 INFO   admin:46 - nick1 прошел аутентификацию
2019-04-16 23:21:19 INFO   admin:29 - Клиент подключился
2019-04-16 23:21:19 INFO   admin:46 - nick2 прошел аутентификацию
2019-04-16 23:21:25 INFO   admin:88 - nick2 отправил команду сообщение :nick2 : dsgg
2019-04-16 23:21:25 INFO   admin:88 - nick2 отправил команду сообщение :nick2 : dsgg
2019-04-16 23:21:32 INFO   admin:88 - nick1 отправил команду сообщение :nick1 : dsgdgfs
2019-04-16 23:21:32 INFO   admin:88 - nick1 отправил команду сообщение :nick1 : dsgdgfs
2019-04-16 23:22:40 INFO   admin:24 - Сервер запущен!
2019-04-16 23:22:58 INFO   admin:29 - Клиент подключился
2019-04-16 23:22:58 INFO   admin:46 - nick1 прошел аутентификацию
2019-04-16 23:23:03 INFO   admin:55 - nick1 отправил команду сообщение nick1: dgs
2019-04-16 23:23:03 INFO   admin:74 - nick1 отправил команду /w dgs
